(---------------------------------------------------------------------)
(                                                                     )
(    Allegro Netrev Import Logic                                      )
(                                                                     )
(    Drawing          : atlas_soc_servo_board_v1a.brd                 )
(    Software Version : 17.2P019                                      )
(    Date/Time        : Sat Aug 24 21:53:55 2019                      )
(                                                                     )
(---------------------------------------------------------------------)


------ Directives ------------

Ripup etch:                  No
Ripup delete first segment:  No
Ripup retain bondwire:       No
Ripup symbols:               Always
Missing symbol has error:    No
DRC update:                  Yes
Schematic directory:         'F:/Studio/atlas_soc_servo_board_v1a/allegro'
Design Directory:            '.'
Old design name:             'F:/Studio/atlas_soc_servo_board_v1a/atlas_soc_servo_board_v1a.brd'
New design name:             'F:/Studio/atlas_soc_servo_board_v1a/atlas_soc_servo_board_v1a.brd'

CmdLine: netrev -$ -i F:/Studio/atlas_soc_servo_board_v1a/allegro -y 1 -q netrev_constraint_report.xml F:/Studio/atlas_soc_servo_board_v1a/#Taaaabf06852.tmp

------ Preparing to read pst files ------

Starting to read F:/Studio/atlas_soc_servo_board_v1a/allegro/pstchip.dat 
   Finished reading F:/Studio/atlas_soc_servo_board_v1a/allegro/pstchip.dat (00:00:00.05)
Starting to read F:/Studio/atlas_soc_servo_board_v1a/allegro/pstxprt.dat 
   Finished reading F:/Studio/atlas_soc_servo_board_v1a/allegro/pstxprt.dat (00:00:00.00)
Starting to read F:/Studio/atlas_soc_servo_board_v1a/allegro/pstxnet.dat 
   Finished reading F:/Studio/atlas_soc_servo_board_v1a/allegro/pstxnet.dat (00:00:00.00)

------ Oversights/Warnings/Errors ------


------ Library Paths ------
MODULEPATH =  . 
           D:/Cadence/Cadence_SPB_17.2-2016/share/local/pcb/modules 

PSMPATH =  . 
           symbols 
           .. 
           ../symbols 
           D:/Cadence/Cadence_SPB_17.2-2016/share/local/pcb/symbols 
           D:/Cadence/Cadence_SPB_17.2-2016/share/pcb/pcb_lib/symbols 
           D:/Cadence/Cadence_SPB_17.2-2016/share/pcb/allegrolib/symbols 
           F:/allegro_lib/ 

PADPATH =  . 
           symbols 
           .. 
           ../symbols 
           D:/Cadence/Cadence_SPB_17.2-2016/share/local/pcb/padstacks 
           D:/Cadence/Cadence_SPB_17.2-2016/share/pcb/pcb_lib/symbols 
           D:/Cadence/Cadence_SPB_17.2-2016/share/pcb/allegrolib/symbols 
           F:/allegro_lib/ 


------ Summary Statistics ------


netrev run on Aug 24 21:53:55 2019
   DESIGN NAME : 'ATLAS_SOC_SERVO_BOARD_V1A'
   PACKAGING ON Mar  2 2016 00:37:24

   COMPILE 'logic'
   CHECK_PIN_NAMES OFF
   CROSS_REFERENCE OFF
   FEEDBACK OFF
   INCREMENTAL OFF
   INTERFACE_TYPE PHYSICAL
   MAX_ERRORS 500
   MERGE_MINIMUM 5
   NET_NAME_CHARS '#%&()*+-./:=>?@[]^_`|'
   NET_NAME_LENGTH 24
   OVERSIGHTS ON
   REPLACE_CHECK OFF
   SINGLE_NODE_NETS ON
   SPLIT_MINIMUM 0
   SUPPRESS   20
   WARNINGS ON

 No error detected
 No oversight detected
 No warning detected

cpu time      0:01:10
elapsed time  0:00:00

