Sat Aug 24 22:09:57 2019				Page     1


 
Update Symbols/Modules Logfile
	Sat Aug 24 22:09:57 2019

------ Module Refresh Messages ------

SUMMARY:    Updated 0 out of 0 modules

------ End Module Messages     ------



(---------------------------------------------------------------------)
(                                                                     )
(    Refresh Symbol                                                   )
(                                                                     )
(    Drawing          : atlas_soc_servo_board_v1a.brd                 )
(    Software Version : 17.2P019                                      )
(    Date/Time        : Sat Aug 24 22:09:58 2019                      )
(                                                                     )
(---------------------------------------------------------------------)


Sat Aug 24 22:09:58 2019				Page     1


------ Symbol Refresh Directives ------

Input design  = 'F:/Studio/atlas_soc_servo_board_v1a/atlas_soc_servo_board_v1a.brd'
Output design = ''

Update mechanical symbols              = 'NO'
Update format symbols                  = 'NO'
Update package symbols                 = 'NO'
Update shape/flash symbols             = 'NO'
Update symbol padstacks                = 'YES'
Preserve padstacks replaced on pins    = 'NO'
Reset symbol text and size locations   = 'NO'
Reset Pin Escapes (fanouts)            = 'NO'
Ripup Etch                             = 'NO'
Reset custom drill data                = 'NO'
Symbol list file                       = 'C:/Users/Shreek/AppData/Local/Temp/#Taaaabj06852.tmp'


------ Library Paths ------
PSMPATH =  . 
           symbols 
           .. 
           ../symbols 
           D:/Cadence/Cadence_SPB_17.2-2016/share/local/pcb/symbols 
           D:/Cadence/Cadence_SPB_17.2-2016/share/pcb/pcb_lib/symbols 
           D:/Cadence/Cadence_SPB_17.2-2016/share/pcb/allegrolib/symbols 
           F:/allegro_lib/ 

PADPATH =  . 
           symbols 
           .. 
           ../symbols 
           D:/Cadence/Cadence_SPB_17.2-2016/share/local/pcb/padstacks 
           D:/Cadence/Cadence_SPB_17.2-2016/share/pcb/pcb_lib/symbols 
           D:/Cadence/Cadence_SPB_17.2-2016/share/pcb/allegrolib/symbols 
           F:/allegro_lib/ 


------ Symbol Refresh Messages ------

'HDR_2D54_1X3P'  symbol refreshed successfully.


------ Pad Stack Refresh Messages ------

'1D0X1D8_TH_CR'  pad stack refreshed successfully.
'1D0X1D8_TH_SQ'  pad stack refreshed successfully.


----- Symbol Update Summary ----

Updated symbols: 1 out 1
    Design updated.

